-------------------------------------------------------------------------------
Test set: com.medflow.ModularityTest
-------------------------------------------------------------------------------
Tests run: 1, Failures: 0, Errors: 1, Skipped: 0, Time elapsed: 12.66 s <<< FAILURE! -- in com.medflow.ModularityTest
com.medflow.ModularityTest.verifiesModuleBoundaries -- Time elapsed: 12.52 s <<< ERROR!
org.springframework.modulith.core.Violations: 
- Module 'modules.patients' depends on non-exposed type com.medflow.shared.exception.ResourceNotFoundException within module 'shared'!
Method <com.medflow.modules.patients.application.PatientServiceImpl.findById(java.util.UUID)> calls constructor <com.medflow.shared.exception.ResourceNotFoundException.<init>(java.lang.String)> in (PatientServiceImpl.java:8)
- Module 'modules.patients' depends on non-exposed type com.medflow.shared.exception.DuplicateResourceException within module 'shared'!
Method <com.medflow.modules.patients.application.PatientServiceImpl.create(com.medflow.modules.patients.api.request.CreatePatientRequest)> calls constructor <com.medflow.shared.exception.DuplicateResourceException.<init>(java.lang.String)> in (PatientServiceImpl.java:7)
- Module 'modules.patients' depends on non-exposed type com.medflow.shared.api.ApiResponse within module 'shared'!
ApiResponse declares return type ApiResponse.find(UUID, HttpServletRequest) in (PatientController.java:0)
- Module 'modules.patients' depends on non-exposed type com.medflow.shared.api.ApiResponse within module 'shared'!
Method <com.medflow.modules.patients.controller.PatientController.create(com.medflow.modules.patients.api.request.CreatePatientRequest, jakarta.servlet.http.HttpServletRequest)> calls method <com.medflow.shared.api.ApiResponse.success(java.lang.String, java.lang.Object, java.lang.String)> in (PatientController.java:22)
- Module 'modules.patients' depends on non-exposed type com.medflow.shared.api.ApiResponse within module 'shared'!
Method <com.medflow.modules.patients.controller.PatientController.find(java.util.UUID, jakarta.servlet.http.HttpServletRequest)> calls method <com.medflow.shared.api.ApiResponse.success(java.lang.String, java.lang.Object, java.lang.String)> in (PatientController.java:26)
- Module 'modules.patients' depends on non-exposed type com.medflow.shared.api.ApiResponse within module 'shared'!
Method <com.medflow.modules.patients.controller.PatientController.create(com.medflow.modules.patients.api.request.CreatePatientRequest, jakarta.servlet.http.HttpServletRequest)> has generic return type <org.springframework.http.ResponseEntity<com.medflow.shared.api.ApiResponse<com.medflow.modules.patients.api.response.PatientResponse>>> with type argument depending on <com.medflow.shared.api.ApiResponse> in (PatientController.java:0)
- Module 'modules.patients' depends on non-exposed type com.medflow.shared.api.ApiResponse within module 'shared'!
Method <com.medflow.modules.patients.controller.PatientController.find(java.util.UUID, jakarta.servlet.http.HttpServletRequest)> has return type <com.medflow.shared.api.ApiResponse> in (PatientController.java:0)
- Module 'config' depends on non-exposed type com.medflow.shared.security.PublicApi within module 'shared'!
Method <com.medflow.config.SecurityConfiguration$PublicApiRequestMatcher.matches(jakarta.servlet.http.HttpServletRequest)> references class object <com.medflow.shared.security.PublicApi> in (SecurityConfiguration.java:23)
	at org.springframework.modulith.core.Violations.and(Violations.java:141)
	at org.springframework.modulith.core.ApplicationModules.detectViolations(ApplicationModules.java:485)
	at org.springframework.modulith.core.ApplicationModules.verify(ApplicationModules.java:452)
	at com.medflow.ModularityTest.verifiesModuleBoundaries(ModularityTest.java:6)
	at java.base/java.lang.reflect.Method.invoke(Method.java:580)
	at java.base/java.util.ArrayList.forEach(ArrayList.java:1596)
	at java.base/java.util.ArrayList.forEach(ArrayList.java:1596)

