<?xml version="1.0" encoding="UTF-8"?>
<testsuite xmlns:xsi="http://www.w3.org/2001/XMLSchema-instance" xsi:noNamespaceSchemaLocation="https://maven.apache.org/surefire/maven-surefire-plugin/xsd/surefire-test-report.xsd" version="3.0.2" name="com.medflow.MedflowSmokeTest" time="27.183" tests="7" errors="0" skipped="0" failures="0">
  <properties>
[...]
</properties>
  <testcase name="healthEndpointIsPublic" classname="com.medflow.MedflowSmokeTest" time="1.326">
    <system-out><![CDATA[20:09:24.539 [main] INFO org.springframework.test.context.support.AnnotationConfigContextLoaderUtils -- Could not detect default configuration classes for test class [com.medflow.MedflowSmokeTest]: MedflowSmokeTest does not declare any static, non-private, non-final, nested classes annotated with @Configuration.
20:09:25.266 [main] INFO org.springframework.boot.test.context.SpringBootTestContextBootstrapper -- Found @SpringBootConfiguration com.medflow.MedflowApplication for test class com.medflow.MedflowSmokeTest

  .   ____          _            __ _ _
 /\\ / ___'_ __ _ _(_)_ __  __ _ \ \ \ \
( ( )\___ | '_ | '_| | '_ \/ _` | \ \ \ \
 \\/  ___)| |_)| | | | | || (_| |  ) ) ) )
  '  |____| .__|_| |_|_| |_\__, | / / / /
 =========|_|==============|___/=/_/_/_/

 :: Spring Boot ::                (v3.4.5)

2026-07-25T20:09:26.704+05:30  INFO [traceId=] 27352 --- [medflow-ai] [           main] com.medflow.MedflowSmokeTest             : Starting MedflowSmokeTest using Java 21.0.7 with PID 27352 (started by PCP in C:\Users\PCP\Downloads\medflow-ai\medflow-ai)
2026-07-25T20:09:26.708+05:30  INFO [traceId=] 27352 --- [medflow-ai] [           main] com.medflow.MedflowSmokeTest             : No active profile set, falling back to 1 default profile: "default"
2026-07-25T20:09:29.318+05:30  INFO [traceId=] 27352 --- [medflow-ai] [           main] .s.d.r.c.RepositoryConfigurationDelegate : Multiple Spring Data modules found, entering strict repository configuration mode
2026-07-25T20:09:29.322+05:30  INFO [traceId=] 27352 --- [medflow-ai] [           main] .s.d.r.c.RepositoryConfigurationDelegate : Bootstrapping Spring Data JPA repositories in DEFAULT mode.
2026-07-25T20:09:29.847+05:30  INFO [traceId=] 27352 --- [medflow-ai] [           main] .s.d.r.c.RepositoryConfigurationDelegate : Finished Spring Data repository scanning in 506 ms. Found 10 JPA repository interfaces.
2026-07-25T20:09:29.871+05:30  INFO [traceId=] 27352 --- [medflow-ai] [           main] .s.d.r.c.RepositoryConfigurationDelegate : Multiple Spring Data modules found, entering strict repository configuration mode
2026-07-25T20:09:29.872+05:30  INFO [traceId=] 27352 --- [medflow-ai] [           main] .s.d.r.c.RepositoryConfigurationDelegate : Bootstrapping Spring Data Redis repositories in DEFAULT mode.
2026-07-25T20:09:29.923+05:30  INFO [traceId=] 27352 --- [medflow-ai] [           main] .RepositoryConfigurationExtensionSupport : Spring Data Redis - Could not safely identify store assignment for repository candidate interface com.medflow.modules.appointments.domain.repository.AppointmentRepository; If you want this repository to be a Redis repository, consider annotating your entities with one of these annotations: org.springframework.data.redis.core.RedisHash (preferred), or consider extending one of the following types with your repository: org.springframework.data.keyvalue.repository.KeyValueRepository
2026-07-25T20:09:29.924+05:30  INFO [traceId=] 27352 --- [medflow-ai] [           main] .RepositoryConfigurationExtensionSupport : Spring Data Redis - Could not safely identify store assignment for repository candidate interface com.medflow.modules.assistant.domain.repository.ChatMessageRepository; If you want this repository to be a Redis repository, consider annotating your entities with one of these annotations: org.springframework.data.redis.core.RedisHash (preferred), or consider extending one of the following types with your repository: org.springframework.data.keyvalue.repository.KeyValueRepository
2026-07-25T20:09:29.925+05:30  INFO [traceId=] 27352 --- [medflow-ai] [           main] .RepositoryConfigurationExtensionSupport : Spring Data Redis - Could not safely identify store assignment for repository candidate interface com.medflow.modules.doctors.domain.repository.DoctorRepository; If you want this repository to be a Redis repository, consider annotating your entities with one of these annotations: org.springframework.data.redis.core.RedisHash (preferred), or consider extending one of the following types with your repository: org.springframework.data.keyvalue.repository.KeyValueRepository
2026-07-25T20:09:29.926+05:30  INFO [traceId=] 27352 --- [medflow-ai] [           main] .RepositoryConfigurationExtensionSupport : Spring Data Redis - Could not safely identify store assignment for repository candidate interface com.medflow.modules.laboratory.domain.repository.LabOrderRepository; If you want this repository to be a Redis repository, consider annotating your entities with one of these annotations: org.springframework.data.redis.core.RedisHash (preferred), or consider extending one of the following types with your repository: org.springframework.data.keyvalue.repository.KeyValueRepository
2026-07-25T20:09:29.926+05:30  INFO [traceId=] 27352 --- [medflow-ai] [           main] .RepositoryConfigurationExtensionSupport : Spring Data Redis - Could not safely identify store assignment for repository candidate interface com.medflow.modules.notifications.domain.repository.NotificationRepository; If you want this repository to be a Redis repository, consider annotating your entities with one of these annotations: org.springframework.data.redis.core.RedisHash (preferred), or consider extending one of the following types with your repository: org.springframework.data.keyvalue.repository.KeyValueRepository
2026-07-25T20:09:29.926+05:30  INFO [traceId=] 27352 --- [medflow-ai] [           main] .RepositoryConfigurationExtensionSupport : Spring Data Redis - Could not safely identify store assignment for repository candidate interface com.medflow.modules.patients.domain.repository.PatientRepository; If you want this repository to be a Redis repository, consider annotating your entities with one of these annotations: org.springframework.data.redis.core.RedisHash (preferred), or consider extending one of the following types with your repository: org.springframework.data.keyvalue.repository.KeyValueRepository
2026-07-25T20:09:29.927+05:30  INFO [traceId=] 27352 --- [medflow-ai] [           main] .RepositoryConfigurationExtensionSupport : Spring Data Redis - Could not safely identify store assignment for repository candidate interface com.medflow.modules.pharmacy.domain.repository.MedicationRepository; If you want this repository to be a Redis repository, consider annotating your entities with one of these annotations: org.springframework.data.redis.core.RedisHash (preferred), or consider extending one of the following types with your repository: org.springframework.data.keyvalue.repository.KeyValueRepository
2026-07-25T20:09:29.927+05:30  INFO [traceId=] 27352 --- [medflow-ai] [           main] .RepositoryConfigurationExtensionSupport : Spring Data Redis - Could not safely identify store assignment for repository candidate interface com.medflow.modules.prescriptions.domain.repository.PrescriptionRepository; If you want this repository to be a Redis repository, consider annotating your entities with one of these annotations: org.springframework.data.redis.core.RedisHash (preferred), or consider extending one of the following types with your repository: org.springframework.data.keyvalue.repository.KeyValueRepository
2026-07-25T20:09:29.927+05:30  INFO [traceId=] 27352 --- [medflow-ai] [           main] .RepositoryConfigurationExtensionSupport : Spring Data Redis - Could not safely identify store assignment for repository candidate interface com.medflow.modules.settings.domain.repository.WorkspaceSettingRepository; If you want this repository to be a Redis repository, consider annotating your entities with one of these annotations: org.springframework.data.redis.core.RedisHash (preferred), or consider extending one of the following types with your repository: org.springframework.data.keyvalue.repository.KeyValueRepository
2026-07-25T20:09:29.928+05:30  INFO [traceId=] 27352 --- [medflow-ai] [           main] .RepositoryConfigurationExtensionSupport : Spring Data Redis - Could not safely identify store assignment for repository candidate interface com.medflow.modules.users.domain.repository.UserAccountRepository; If you want this repository to be a Redis repository, consider annotating your entities with one of these annotations: org.springframework.data.redis.core.RedisHash (preferred), or consider extending one of the following types with your repository: org.springframework.data.keyvalue.repository.KeyValueRepository
2026-07-25T20:09:29.928+05:30  INFO [traceId=] 27352 --- [medflow-ai] [           main] .s.d.r.c.RepositoryConfigurationDelegate : Finished Spring Data repository scanning in 39 ms. Found 0 Redis repository interfaces.
2026-07-25T20:09:31.774+05:30  INFO [traceId=] 27352 --- [medflow-ai] [           main] o.s.b.w.embedded.tomcat.TomcatWebServer  : Tomcat initialized with port 0 (http)
2026-07-25T20:09:31.816+05:30  INFO [traceId=] 27352 --- [medflow-ai] [           main] o.apache.catalina.core.StandardService   : Starting service [Tomcat]
2026-07-25T20:09:31.817+05:30  INFO [traceId=] 27352 --- [medflow-ai] [           main] o.apache.catalina.core.StandardEngine    : Starting Servlet engine: [Apache Tomcat/10.1.40]
2026-07-25T20:09:31.948+05:30  INFO [traceId=] 27352 --- [medflow-ai] [           main] o.a.c.c.C.[Tomcat].[localhost].[/]       : Initializing Spring embedded WebApplicationContext
2026-07-25T20:09:31.949+05:30  INFO [traceId=] 27352 --- [medflow-ai] [           main] w.s.c.ServletWebServerApplicationContext : Root WebApplicationContext: initialization completed in 5182 ms
2026-07-25T20:09:32.702+05:30  INFO [traceId=] 27352 --- [medflow-ai] [           main] com.zaxxer.hikari.HikariDataSource       : HikariPool-1 - Starting...
2026-07-25T20:09:33.025+05:30  INFO [traceId=] 27352 --- [medflow-ai] [           main] com.zaxxer.hikari.pool.HikariPool        : HikariPool-1 - Added connection conn0: url=jdbc:h2:mem:medflow user=SA
2026-07-25T20:09:33.029+05:30  INFO [traceId=] 27352 --- [medflow-ai] [           main] com.zaxxer.hikari.HikariDataSource       : HikariPool-1 - Start completed.
2026-07-25T20:09:33.110+05:30  INFO [traceId=] 27352 --- [medflow-ai] [           main] org.flywaydb.core.FlywayExecutor         : Database: jdbc:h2:mem:medflow (H2 2.3)
2026-07-25T20:09:33.116+05:30  WARN [traceId=] 27352 --- [medflow-ai] [           main] o.f.c.internal.database.base.Database    : Flyway upgrade recommended: H2 2.3.232 is newer than this version of Flyway and support has not been tested. The latest supported version of H2 is 2.2.224.
2026-07-25T20:09:33.149+05:30  INFO [traceId=] 27352 --- [medflow-ai] [           main] o.f.c.i.s.JdbcTableSchemaHistory         : Schema history table "public"."flyway_schema_history" does not exist yet
2026-07-25T20:09:33.154+05:30  INFO [traceId=] 27352 --- [medflow-ai] [           main] o.f.core.internal.command.DbValidate     : Successfully validated 11 migrations (execution time 00:00.025s)
2026-07-25T20:09:33.167+05:30  INFO [traceId=] 27352 --- [medflow-ai] [           main] o.f.c.i.s.JdbcTableSchemaHistory         : Creating Schema History table "public"."flyway_schema_history" ...
2026-07-25T20:09:33.204+05:30  INFO [traceId=] 27352 --- [medflow-ai] [           main] o.f.core.internal.command.DbMigrate      : Current version of schema "public": << Empty Schema >>
2026-07-25T20:09:33.211+05:30  INFO [traceId=] 27352 --- [medflow-ai] [           main] o.f.core.internal.command.DbMigrate      : Migrating schema "public" to version "1 - create patients"
2026-07-25T20:09:33.228+05:30  INFO [traceId=] 27352 --- [medflow-ai] [           main] o.f.core.internal.command.DbMigrate      : Migrating schema "public" to version "2 - extend patients"
2026-07-25T20:09:33.259+05:30  INFO [traceId=] 27352 --- [medflow-ai] [           main] o.f.core.internal.command.DbMigrate      : Migrating schema "public" to version "3 - create users"
2026-07-25T20:09:33.270+05:30  INFO [traceId=] 27352 --- [medflow-ai] [           main] o.f.core.internal.command.DbMigrate      : Migrating schema "public" to version "4 - create doctors"
2026-07-25T20:09:33.281+05:30  INFO [traceId=] 27352 --- [medflow-ai] [           main] o.f.core.internal.command.DbMigrate      : Migrating schema "public" to version "5 - create appointments"
2026-07-25T20:09:33.294+05:30  INFO [traceId=] 27352 --- [medflow-ai] [           main] o.f.core.internal.command.DbMigrate      : Migrating schema "public" to version "6 - create prescriptions"
2026-07-25T20:09:33.311+05:30  INFO [traceId=] 27352 --- [medflow-ai] [           main] o.f.core.internal.command.DbMigrate      : Migrating schema "public" to version "7 - create lab orders"
2026-07-25T20:09:33.320+05:30  INFO [traceId=] 27352 --- [medflow-ai] [           main] o.f.core.internal.command.DbMigrate      : Migrating schema "public" to version "8 - create medications"
2026-07-25T20:09:33.327+05:30  INFO [traceId=] 27352 --- [medflow-ai] [           main] o.f.core.internal.command.DbMigrate      : Migrating schema "public" to version "9 - create notifications"
2026-07-25T20:09:33.335+05:30  INFO [traceId=] 27352 --- [medflow-ai] [           main] o.f.core.internal.command.DbMigrate      : Migrating schema "public" to version "10 - create chat messages"
2026-07-25T20:09:33.344+05:30  INFO [traceId=] 27352 --- [medflow-ai] [           main] o.f.core.internal.command.DbMigrate      : Migrating schema "public" to version "11 - create workspace settings"
2026-07-25T20:09:33.358+05:30  INFO [traceId=] 27352 --- [medflow-ai] [           main] o.f.core.internal.command.DbMigrate      : Successfully applied 11 migrations to schema "public", now at version v11 (execution time 00:00.063s)
2026-07-25T20:09:33.566+05:30  INFO [traceId=] 27352 --- [medflow-ai] [           main] o.hibernate.jpa.internal.util.LogHelper  : HHH000204: Processing PersistenceUnitInfo [name: default]
2026-07-25T20:09:33.733+05:30  INFO [traceId=] 27352 --- [medflow-ai] [           main] org.hibernate.Version                    : HHH000412: Hibernate ORM core version 6.6.13.Final
2026-07-25T20:09:33.829+05:30  INFO [traceId=] 27352 --- [medflow-ai] [           main] o.h.c.internal.RegionFactoryInitiator    : HHH000026: Second-level cache disabled
2026-07-25T20:09:34.375+05:30  INFO [traceId=] 27352 --- [medflow-ai] [           main] o.s.o.j.p.SpringPersistenceUnitInfo      : No LoadTimeWeaver setup: ignoring JPA class transformer
2026-07-25T20:09:34.470+05:30  INFO [traceId=] 27352 --- [medflow-ai] [           main] org.hibernate.orm.connections.pooling    : HHH10001005: Database info:
	Database JDBC URL [Connecting through datasource 'HikariDataSource (HikariPool-1)']
	Database driver: undefined/unknown
	Database version: 2.3.232
	Autocommit mode: undefined/unknown
	Isolation level: undefined/unknown
	Minimum pool size: undefined/unknown
	Maximum pool size: undefined/unknown
2026-07-25T20:09:36.133+05:30  INFO [traceId=] 27352 --- [medflow-ai] [           main] o.h.e.t.j.p.i.JtaPlatformInitiator       : HHH000489: No JTA platform available (set 'hibernate.transaction.jta.platform' to enable JTA platform integration)
2026-07-25T20:09:36.159+05:30  INFO [traceId=] 27352 --- [medflow-ai] [           main] j.LocalContainerEntityManagerFactoryBean : Initialized JPA EntityManagerFactory for persistence unit 'default'
2026-07-25T20:09:36.608+05:30  INFO [traceId=] 27352 --- [medflow-ai] [           main] o.s.d.j.r.query.QueryEnhancerFactory     : Hibernate is in classpath; If applicable, HQL parser will be used.
2026-07-25T20:09:41.529+05:30  INFO [traceId=] 27352 --- [medflow-ai] [           main] o.s.b.a.e.web.EndpointLinksResolver      : Exposing 2 endpoints beneath base path '/actuator'
2026-07-25T20:09:48.084+05:30  INFO [traceId=] 27352 --- [medflow-ai] [           main] o.s.b.w.embedded.tomcat.TomcatWebServer  : Tomcat started on port 60145 (http) with context path '/'
2026-07-25T20:09:48.110+05:30  INFO [traceId=] 27352 --- [medflow-ai] [           main] o.s.s.config.TaskSchedulerRouter         : No TaskScheduler/ScheduledExecutorService bean found for scheduled processing
2026-07-25T20:09:48.116+05:30  INFO [traceId=] 27352 --- [medflow-ai] [           main] com.medflow.MedflowSmokeTest             : Started MedflowSmokeTest in 22.242 seconds (process running for 24.785)
2026-07-25T20:09:49.294+05:30  INFO [traceId=] 27352 --- [medflow-ai] [o-auto-1-exec-1] o.a.c.c.C.[Tomcat].[localhost].[/]       : Initializing Spring DispatcherServlet 'dispatcherServlet'
2026-07-25T20:09:49.294+05:30  INFO [traceId=] 27352 --- [medflow-ai] [o-auto-1-exec-1] o.s.web.servlet.DispatcherServlet        : Initializing Servlet 'dispatcherServlet'
2026-07-25T20:09:49.298+05:30  INFO [traceId=] 27352 --- [medflow-ai] [o-auto-1-exec-1] o.s.web.servlet.DispatcherServlet        : Completed initialization in 2 ms
]]></system-out>
    <system-err><![CDATA[Mockito is currently self-attaching to enable the inline-mock-maker. This will no longer work in future releases of the JDK. Please add Mockito as an agent to your build what is described in Mockito's documentation: https://javadoc.io/doc/org.mockito/mockito-core/latest/org/mockito/Mockito.html#0.3
WARNING: A Java agent has been loaded dynamically (C:\Users\PCP\.m2\repository\net\bytebuddy\byte-buddy-agent\1.15.11\byte-buddy-agent-1.15.11.jar)
WARNING: If a serviceability tool is in use, please run with -XX:+EnableDynamicAgentLoading to hide this warning
WARNING: If a serviceability tool is not in use, please run with -Djdk.instrument.traceUsage for more information
WARNING: Dynamic loading of agents will be disallowed by default in a future release
]]></system-err>
  </testcase>
  <testcase name="protectedEndpointsRejectAnonymousCalls" classname="com.medflow.MedflowSmokeTest" time="0.025"/>
  <testcase name="firstRegisteredUserBecomesWorkspaceAdmin" classname="com.medflow.MedflowSmokeTest" time="0.619"/>
  <testcase name="loginIssuesBearerToken" classname="com.medflow.MedflowSmokeTest" time="0.116"/>
  <testcase name="adminOnboardsDoctorAndRegistersPatient" classname="com.medflow.MedflowSmokeTest" time="0.128"/>
  <testcase name="bookingAnAppointmentRaisesANotification" classname="com.medflow.MedflowSmokeTest" time="0.319"/>
  <testcase name="dashboardAggregatesSurviveMissingRedis" classname="com.medflow.MedflowSmokeTest" time="0.547">
    <system-out><![CDATA[2026-07-25T20:09:51.354+05:30  WARN [traceId=ffde99b1-a153-4696-8ad1-9e19ea724e39] 27352 --- [medflow-ai] [o-auto-1-exec-9] o.s.c.i.LoggingCacheErrorHandler         : Cache 'dashboard' failed to get entry with key 'summary'
2026-07-25T20:09:51.407+05:30  WARN [traceId=ffde99b1-a153-4696-8ad1-9e19ea724e39] 27352 --- [medflow-ai] [o-auto-1-exec-9] o.s.c.i.LoggingCacheErrorHandler         : Cache 'dashboard' failed to put entry with key 'summary'
]]></system-out>
  </testcase>
</testsuite>