<?xml version="1.0" encoding="UTF-8"?>
<testsuite xmlns:xsi="http://www.w3.org/2001/XMLSchema-instance" xsi:noNamespaceSchemaLocation="https://maven.apache.org/surefire/maven-surefire-plugin/xsd/surefire-test-report.xsd" version="3.0.2" name="com.medflow.ModularityTest" time="12.659" tests="1" errors="1" skipped="0" failures="0">
  <properties>
[...]
</properties>
  <testcase name="verifiesModuleBoundaries" classname="com.medflow.ModularityTest" time="12.525">
    <error message="- Module &apos;modules.patients&apos; depends on non-exposed type com.medflow.shared.exception.ResourceNotFoundException within module &apos;shared&apos;!&#10;Method &lt;com.medflow.modules.patients.application.PatientServiceImpl.findById(java.util.UUID)&gt; calls constructor &lt;com.medflow.shared.exception.ResourceNotFoundException.&lt;init&gt;(java.lang.String)&gt; in (PatientServiceImpl.java:8)&#10;- Module &apos;modules.patients&apos; depends on non-exposed type com.medflow.shared.exception.DuplicateResourceException within module &apos;shared&apos;!&#10;Method &lt;com.medflow.modules.patients.application.PatientServiceImpl.create(com.medflow.modules.patients.api.request.CreatePatientRequest)&gt; calls constructor &lt;com.medflow.shared.exception.DuplicateResourceException.&lt;init&gt;(java.lang.String)&gt; in (PatientServiceImpl.java:7)&#10;- Module &apos;modules.patients&apos; depends on non-exposed type com.medflow.shared.api.ApiResponse within module &apos;shared&apos;!&#10;ApiResponse declares return type ApiResponse.find(UUID, HttpServletRequest) in (PatientController.java:0)&#10;- Module &apos;modules.patients&apos; depends on non-exposed type com.medflow.shared.api.ApiResponse within module &apos;shared&apos;!&#10;Method &lt;com.medflow.modules.patients.controller.PatientController.create(com.medflow.modules.patients.api.request.CreatePatientRequest, jakarta.servlet.http.HttpServletRequest)&gt; calls method &lt;com.medflow.shared.api.ApiResponse.success(java.lang.String, java.lang.Object, java.lang.String)&gt; in (PatientController.java:22)&#10;- Module &apos;modules.patients&apos; depends on non-exposed type com.medflow.shared.api.ApiResponse within module &apos;shared&apos;!&#10;Method &lt;com.medflow.modules.patients.controller.PatientController.find(java.util.UUID, jakarta.servlet.http.HttpServletRequest)&gt; calls method &lt;com.medflow.shared.api.ApiResponse.success(java.lang.String, java.lang.Object, java.lang.String)&gt; in (PatientController.java:26)&#10;- Module &apos;modules.patients&apos; depends on non-exposed type com.medflow.shared.api.ApiResponse within module &apos;shared&apos;!&#10;Method &lt;com.medflow.modules.patients.controller.PatientController.create(com.medflow.modules.patients.api.request.CreatePatientRequest, jakarta.servlet.http.HttpServletRequest)&gt; has generic return type &lt;org.springframework.http.ResponseEntity&lt;com.medflow.shared.api.ApiResponse&lt;com.medflow.modules.patients.api.response.PatientResponse&gt;&gt;&gt; with type argument depending on &lt;com.medflow.shared.api.ApiResponse&gt; in (PatientController.java:0)&#10;- Module &apos;modules.patients&apos; depends on non-exposed type com.medflow.shared.api.ApiResponse within module &apos;shared&apos;!&#10;Method &lt;com.medflow.modules.patients.controller.PatientController.find(java.util.UUID, jakarta.servlet.http.HttpServletRequest)&gt; has return type &lt;com.medflow.shared.api.ApiResponse&gt; in (PatientController.java:0)&#10;- Module &apos;config&apos; depends on non-exposed type com.medflow.shared.security.PublicApi within module &apos;shared&apos;!&#10;Method &lt;com.medflow.config.SecurityConfiguration$PublicApiRequestMatcher.matches(jakarta.servlet.http.HttpServletRequest)&gt; references class object &lt;com.medflow.shared.security.PublicApi&gt; in (SecurityConfiguration.java:23)" type="org.springframework.modulith.core.Violations"><![CDATA[org.springframework.modulith.core.Violations: 
- Module 'modules.patients' depends on non-exposed type com.medflow.shared.exception.ResourceNotFoundException within module 'shared'!
Method <com.medflow.modules.patients.application.PatientServiceImpl.findById(java.util.UUID)> calls constructor <com.medflow.shared.exception.ResourceNotFoundException.<init>(java.lang.String)> in (PatientServiceImpl.java:8)
- Module 'modules.patients' depends on non-exposed type com.medflow.shared.exception.DuplicateResourceException within module 'shared'!
Method <com.medflow.modules.patients.application.PatientServiceImpl.create(com.medflow.modules.patients.api.request.CreatePatientRequest)> calls constructor <com.medflow.shared.exception.DuplicateResourceException.<init>(java.lang.String)> in (PatientServiceImpl.java:7)
- Module 'modules.patients' depends on non-exposed type com.medflow.shared.api.ApiResponse within module 'shared'!
ApiResponse declares return type ApiResponse.find(UUID, HttpServletRequest) in (PatientController.java:0)
- Module 'modules.patients' depends on non-exposed type com.medflow.shared.api.ApiResponse within module 'shared'!
Method <com.medflow.modules.patients.controller.PatientController.create(com.medflow.modules.patients.api.request.CreatePatientRequest, jakarta.servlet.http.HttpServletRequest)> calls method <com.medflow.shared.api.ApiResponse.success(java.lang.String, java.lang.Object, java.lang.String)> in (PatientController.java:22)
- Module 'modules.patients' depends on non-exposed type com.medflow.shared.api.ApiResponse within module 'shared'!
Method <com.medflow.modules.patients.controller.PatientController.find(java.util.UUID, jakarta.servlet.http.HttpServletRequest)> calls method <com.medflow.shared.api.ApiResponse.success(java.lang.String, java.lang.Object, java.lang.String)> in (PatientController.java:26)
- Module 'modules.patients' depends on non-exposed type com.medflow.shared.api.ApiResponse within module 'shared'!
Method <com.medflow.modules.patients.controller.PatientController.create(com.medflow.modules.patients.api.request.CreatePatientRequest, jakarta.servlet.http.HttpServletRequest)> has generic return type <org.springframework.http.ResponseEntity<com.medflow.shared.api.ApiResponse<com.medflow.modules.patients.api.response.PatientResponse>>> with type argument depending on <com.medflow.shared.api.ApiResponse> in (PatientController.java:0)
- Module 'modules.patients' depends on non-exposed type com.medflow.shared.api.ApiResponse within module 'shared'!
Method <com.medflow.modules.patients.controller.PatientController.find(java.util.UUID, jakarta.servlet.http.HttpServletRequest)> has return type <com.medflow.shared.api.ApiResponse> in (PatientController.java:0)
- Module 'config' depends on non-exposed type com.medflow.shared.security.PublicApi within module 'shared'!
Method <com.medflow.config.SecurityConfiguration$PublicApiRequestMatcher.matches(jakarta.servlet.http.HttpServletRequest)> references class object <com.medflow.shared.security.PublicApi> in (SecurityConfiguration.java:23)
	at org.springframework.modulith.core.Violations.and(Violations.java:141)
	at org.springframework.modulith.core.ApplicationModules.detectViolations(ApplicationModules.java:485)
	at org.springframework.modulith.core.ApplicationModules.verify(ApplicationModules.java:452)
	at com.medflow.ModularityTest.verifiesModuleBoundaries(ModularityTest.java:6)
	at java.base/java.lang.reflect.Method.invoke(Method.java:580)
	at java.base/java.util.ArrayList.forEach(ArrayList.java:1596)
	at java.base/java.util.ArrayList.forEach(ArrayList.java:1596)
]]></error>
    <system-out><![CDATA[17:41:19.498 [main] INFO com.tngtech.archunit.core.PluginLoader -- Detected Java version 21.0.12
]]></system-out>
  </testcase>
</testsuite>